[debug] [2023-07-20T19:06:03.688Z] ----------------------------------------------------------------------
[debug] [2023-07-20T19:06:03.688Z] Command:       /usr/local/bin/node /usr/local/bin/firebase init
[debug] [2023-07-20T19:06:03.689Z] CLI Version:   12.4.5
[debug] [2023-07-20T19:06:03.689Z] Platform:      darwin
[debug] [2023-07-20T19:06:03.689Z] Node Version:  v18.15.0
[debug] [2023-07-20T19:06:03.689Z] Time:          Thu Jul 20 2023 12:06:03 GMT-0700 (Pacific Daylight Time)
[debug] [2023-07-20T19:06:03.689Z] ----------------------------------------------------------------------
[debug] 
[debug] [2023-07-20T19:06:03.691Z] >>> [apiv2][query] GET https://firebase-public.firebaseio.com/cli.json [none]
[debug] [2023-07-20T19:06:03.709Z] > command requires scopes: ["email","openid","https://www.googleapis.com/auth/cloudplatformprojects.readonly","https://www.googleapis.com/auth/firebase","https://www.googleapis.com/auth/cloud-platform"]
[debug] [2023-07-20T19:06:03.710Z] > authorizing via signed-in user (hirushafernando121@gmail.com)
[info] 
     ######## #### ########  ######## ########     ###     ######  ########
     ##        ##  ##     ## ##       ##     ##  ##   ##  ##       ##
     ######    ##  ########  ######   ########  #########  ######  ######
     ##        ##  ##    ##  ##       ##     ## ##     ##       ## ##
     ##       #### ##     ## ######## ########  ##     ##  ######  ########

You're about to initialize a Firebase project in this directory:

  /Users/hirushafernando/Developer/HTML-code/BIT/FIREBASE/firebase1

[debug] [2023-07-20T19:06:04.397Z] <<< [apiv2][status] GET https://firebase-public.firebaseio.com/cli.json 200
[debug] [2023-07-20T19:06:04.397Z] <<< [apiv2][body] GET https://firebase-public.firebaseio.com/cli.json {"cloudBuildErrorAfter":1594252800000,"cloudBuildWarnAfter":1590019200000,"defaultNode10After":1594252800000,"minVersion":"3.0.5","node8DeploysDisabledAfter":1613390400000,"node8RuntimeDisabledAfter":1615809600000,"node8WarnAfter":1600128000000}
[info] 
=== Project Setup
[info] 
[info] First, let's associate this project directory with a Firebase project.
[info] You can create multiple project aliases by running firebase use --add, 
[info] but for now we'll just set up a default project.
[info] 
[debug] [2023-07-20T19:08:54.737Z] > refreshing access token with scopes: []
[debug] [2023-07-20T19:08:54.739Z] >>> [apiv2][query] POST https://www.googleapis.com/oauth2/v3/token [none]
[debug] [2023-07-20T19:08:54.739Z] >>> [apiv2][body] POST https://www.googleapis.com/oauth2/v3/token [omitted]
[debug] [2023-07-20T19:08:55.122Z] <<< [apiv2][status] POST https://www.googleapis.com/oauth2/v3/token 200
[debug] [2023-07-20T19:08:55.123Z] <<< [apiv2][body] POST https://www.googleapis.com/oauth2/v3/token [omitted]
[debug] [2023-07-20T19:08:55.136Z] >>> [apiv2][query] GET https://firebase.googleapis.com/v1beta1/projects pageSize=100
[debug] [2023-07-20T19:08:56.286Z] <<< [apiv2][status] GET https://firebase.googleapis.com/v1beta1/projects 200
[debug] [2023-07-20T19:08:56.286Z] <<< [apiv2][body] GET https://firebase.googleapis.com/v1beta1/projects [omitted]
[info] i  Using project fir-course-eea33 (firebase-course) 
[info] 
=== Hosting Setup
[info] 
[info] Your public directory is the folder (relative to your project directory) that
[info] will contain Hosting assets to be uploaded with firebase deploy. If you
[info] have a build process for your assets, use your build's output directory.
[info] 
[info] ✔  Wrote public/404.html 
[debug] [2023-07-20T19:10:50.313Z] >>> [apiv2][query] GET https://www.gstatic.com/firebasejs/releases.json [none]
[debug] [2023-07-20T19:10:50.675Z] <<< [apiv2][status] GET https://www.gstatic.com/firebasejs/releases.json 200
[debug] [2023-07-20T19:10:50.675Z] <<< [apiv2][body] GET https://www.gstatic.com/firebasejs/releases.json {"current":{"version":"10.0.0","browserURL":"https://www.gstatic.com/firebasejs/10.0.0/firebase.js","packageURL":"https://www.gstatic.com/firebasejs/10.0.0/firebase.tgz"},"live":{"version":"10.0","browserURL":"https://www.gstatic.com/firebasejs/live/10.0/firebase.js","packageURL":"https://www.gstatic.com/firebasejs/live/10.0/firebase.tgz"},"components":{"analytics":"https://www.gstatic.com/firebasejs/10.0.0/firebase-analytics.js","app":"https://www.gstatic.com/firebasejs/10.0.0/firebase-app.js","app-check":"https://www.gstatic.com/firebasejs/10.0.0/firebase-app-check.js","auth":"https://www.gstatic.com/firebasejs/10.0.0/firebase-auth.js","auth/cordova":"https://www.gstatic.com/firebasejs/10.0.0/firebase-auth/cordova.js","functions":"https://www.gstatic.com/firebasejs/10.0.0/firebase-functions.js","firestore":"https://www.gstatic.com/firebasejs/10.0.0/firebase-firestore.js","firestore/lite":"https://www.gstatic.com/firebasejs/10.0.0/firebase-firestore/lite.js","installations":"https://www.gstatic.com/firebasejs/10.0.0/firebase-installations.js","storage":"https://www.gstatic.com/firebasejs/10.0.0/firebase-storage.js","performance":"https://www.gstatic.com/firebasejs/10.0.0/firebase-performance.js","remote-config":"https://www.gstatic.com/firebasejs/10.0.0/firebase-remote-config.js","messaging":"https://www.gstatic.com/firebasejs/10.0.0/firebase-messaging.js","messaging/sw":"https://www.gstatic.com/firebasejs/10.0.0/firebase-messaging/sw.js","database":"https://www.gstatic.com/firebasejs/10.0.0/firebase-database.js","firestore.memory":"https://www.gstatic.com/firebasejs/10.0.0/firebase-firestore.memory.js"}}
[info] i  Skipping write of public/index.html 
[info] 
[info] i  Detected a .git folder at /Users/hirushafernando/Developer/HTML-code/BIT/FIREBASE/firebase1 
[info] i  Authorizing with GitHub to upload your service account to a GitHub repository's secrets store. 
[info] 
[info] Visit this URL on this device to log in:
[info] https://github.com/login/oauth/authorize?client_id=89cf50f02ac6aaed3484&state=344010617&redirect_uri=http%3A%2F%2Flocalhost%3A9005&scope=read%3Auser%20repo%20public_repo
[info] 
[info] Waiting for authentication...
[debug] [2023-07-20T19:11:34.352Z] >>> [apiv2][query] POST https://github.com/login/oauth/access_token [none]
[debug] [2023-07-20T19:11:34.354Z] >>> [apiv2][body] POST https://github.com/login/oauth/access_token [stream]
[debug] [2023-07-20T19:11:35.178Z] <<< [apiv2][status] POST https://github.com/login/oauth/access_token 200
[debug] [2023-07-20T19:11:35.178Z] <<< [apiv2][body] POST https://github.com/login/oauth/access_token {"access_token":"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","token_type":"bearer","scope":"read:user,repo"}
[debug] [2023-07-20T19:11:35.193Z] >>> [apiv2][query] GET https://api.github.com/user [none]
[debug] [2023-07-20T19:11:35.837Z] <<< [apiv2][status] GET https://api.github.com/user 200
[debug] [2023-07-20T19:11:35.838Z] <<< [apiv2][body] GET https://api.github.com/user {"login":"Hirusha1-cpu","id":74799493,"node_id":"MDQ6VXNlcjc0Nzk5NDkz","avatar_url":"https://avatars.githubusercontent.com/u/74799493?v=4","gravatar_id":"","url":"https://api.github.com/users/Hirusha1-cpu","html_url":"https://github.com/Hirusha1-cpu","followers_url":"https://api.github.com/users/Hirusha1-cpu/followers","following_url":"https://api.github.com/users/Hirusha1-cpu/following{/other_user}","gists_url":"https://api.github.com/users/Hirusha1-cpu/gists{/gist_id}","starred_url":"https://api.github.com/users/Hirusha1-cpu/starred{/owner}{/repo}","subscriptions_url":"https://api.github.com/users/Hirusha1-cpu/subscriptions","organizations_url":"https://api.github.com/users/Hirusha1-cpu/orgs","repos_url":"https://api.github.com/users/Hirusha1-cpu/repos","events_url":"https://api.github.com/users/Hirusha1-cpu/events{/privacy}","received_events_url":"https://api.github.com/users/Hirusha1-cpu/received_events","type":"User","site_admin":false,"name":null,"company":null,"blog":"","location":null,"email":null,"hireable":null,"bio":null,"twitter_username":null,"public_repos":33,"public_gists":0,"followers":0,"following":2,"created_at":"2020-11-20T23:32:55Z","updated_at":"2023-07-20T19:11:29Z","private_gists":0,"total_private_repos":1,"owned_private_repos":1,"disk_usage":160825,"collaborators":0,"two_factor_authentication":false,"plan":{"name":"free","space":976562499,"collaborators":0,"private_repos":10000}}
[info] 
[info] ✔  Success! Logged into GitHub as Hirusha1-cpu 
[info] 
